The system is: Windows - 10.0.17134 - AMD64
Compiling the C compiler identification source file "CMakeCCompilerId.c" succeeded.
Compiler: D:/Visual Studio/VC/Tools/MSVC/14.16.27023/bin/Hostx86/x86/cl.exe 
Build flags: 
Id flags:  

The output was:
0
Compilador de optimizaci¢n de C/C++ de Microsoft (R) versi¢n 19.16.27026.1 para x86
(C) Microsoft Corporation. Todos los derechos reservados.

CMakeCCompilerId.c
Microsoft (R) Incremental Linker Version 14.16.27026.1
Copyright (C) Microsoft Corporation.  All rights reserved.

/out:CMakeCCompilerId.exe 
CMakeCCompilerId.obj 


Compilation of the C compiler identification source "CMakeCCompilerId.c" produced "CMakeCCompilerId.exe"

Compilation of the C compiler identification source "CMakeCCompilerId.c" produced "CMakeCCompilerId.obj"

The C compiler identification is MSVC, found in "C:/Users/MrJua/Documents/Estructura de Datos/Multiplexor y Demultiplexor/cmake-build-debug/CMakeFiles/3.13.2/CompilerIdC/CMakeCCompilerId.exe"

Determining if the C compiler works passed with the following output:
Change Dir: C:/Users/MrJua/Documents/Estructura de Datos/Multiplexor y Demultiplexor/cmake-build-debug/CMakeFiles/CMakeTmp

Run Build Command:"nmake" "/nologo" "cmTC_0dc38\fast"
	"D:\Visual Studio\VC\Tools\MSVC\14.16.27023\bin\HostX86\x86\nmake.exe" -f CMakeFiles\cmTC_0dc38.dir\build.make /nologo -L                  CMakeFiles\cmTC_0dc38.dir\build
Building C object CMakeFiles/cmTC_0dc38.dir/testCCompiler.c.obj
	"D:\Visual Studio\VC\Tools\MSVC\14.16.27023\bin\Hostx86\x86\cl.exe" @C:\Users\MrJua\AppData\Local\Temp\nm7B67.tmp
testCCompiler.c
Linking C executable cmTC_0dc38.exe
	"C:\Program Files\JetBrains\CLion 2018.3.3\bin\cmake\win\bin\cmake.exe" -E vs_link_exe --intdir=CMakeFiles\cmTC_0dc38.dir --manifests  -- "D:\Visual Studio\VC\Tools\MSVC\14.16.27023\bin\Hostx86\x86\link.exe" /nologo @CMakeFiles\cmTC_0dc38.dir\objects1.rsp @C:\Users\MrJua\AppData\Local\Temp\nm7DD9.tmp


Detecting C compiler ABI info compiled with the following output:
Change Dir: C:/Users/MrJua/Documents/Estructura de Datos/Multiplexor y Demultiplexor/cmake-build-debug/CMakeFiles/CMakeTmp

Run Build Command:"nmake" "/nologo" "cmTC_626dc\fast"
	"D:\Visual Studio\VC\Tools\MSVC\14.16.27023\bin\HostX86\x86\nmake.exe" -f CMakeFiles\cmTC_626dc.dir\build.make /nologo -L                  CMakeFiles\cmTC_626dc.dir\build
Building C object CMakeFiles/cmTC_626dc.dir/CMakeCCompilerABI.c.obj
	"D:\Visual Studio\VC\Tools\MSVC\14.16.27023\bin\Hostx86\x86\cl.exe" @C:\Users\MrJua\AppData\Local\Temp\nm829B.tmp
CMakeCCompilerABI.c
Linking C executable cmTC_626dc.exe
	"C:\Program Files\JetBrains\CLion 2018.3.3\bin\cmake\win\bin\cmake.exe" -E vs_link_exe --intdir=CMakeFiles\cmTC_626dc.dir --manifests  -- "D:\Visual Studio\VC\Tools\MSVC\14.16.27023\bin\Hostx86\x86\link.exe" /nologo @CMakeFiles\cmTC_626dc.dir\objects1.rsp @C:\Users\MrJua\AppData\Local\Temp\nm8367.tmp




Detecting C [] compiler features compiled with the following output:
Change Dir: C:/Users/MrJua/Documents/Estructura de Datos/Multiplexor y Demultiplexor/cmake-build-debug/CMakeFiles/CMakeTmp

Run Build Command:"nmake" "/nologo" "cmTC_62d82\fast"
	"D:\Visual Studio\VC\Tools\MSVC\14.16.27023\bin\HostX86\x86\nmake.exe" -f CMakeFiles\cmTC_62d82.dir\build.make /nologo -L                  CMakeFiles\cmTC_62d82.dir\build
Building C object CMakeFiles/cmTC_62d82.dir/feature_tests.c.obj
	"D:\Visual Studio\VC\Tools\MSVC\14.16.27023\bin\Hostx86\x86\cl.exe" @C:\Users\MrJua\AppData\Local\Temp\nm8700.tmp
feature_tests.c
Linking C executable cmTC_62d82.exe
	"C:\Program Files\JetBrains\CLion 2018.3.3\bin\cmake\win\bin\cmake.exe" -E vs_link_exe --intdir=CMakeFiles\cmTC_62d82.dir --manifests  -- "D:\Visual Studio\VC\Tools\MSVC\14.16.27023\bin\Hostx86\x86\link.exe" /nologo @CMakeFiles\cmTC_62d82.dir\objects1.rsp @C:\Users\MrJua\AppData\Local\Temp\nm878E.tmp


    Feature record: C_FEATURE:1c_function_prototypes
    Feature record: C_FEATURE:1c_variadic_macros
